<?xml version="1.0" encoding="UTF-8"?>
<testng-results ignored="0" total="1" passed="1" failed="0" skipped="0">
  <reporter-output>
  </reporter-output>
  <suite started-at="2023-11-08T23:38:26 EET" name="Default Suite" finished-at="2023-11-08T23:38:46 EET" duration-ms="19814">
    <groups>
    </groups>
    <test started-at="2023-11-08T23:38:26 EET" name="Automation_Project" finished-at="2023-11-08T23:38:46 EET" duration-ms="19814">
      <class name="tests.LogOutTest">
        <test-method is-config="true" signature="setup()[pri:0, instance:tests.LogOutTest@45018215]" started-at="2023-11-08T23:38:26 EET" name="setup" finished-at="2023-11-08T23:38:39 EET" duration-ms="13069" status="PASS">
          <reporter-output>
          </reporter-output>
        </test-method> <!-- setup -->
        <test-method signature="logOutTest()[pri:0, instance:tests.LogOutTest@45018215]" started-at="2023-11-08T23:38:39 EET" name="logOutTest" finished-at="2023-11-08T23:38:45 EET" duration-ms="5846" status="PASS">
          <reporter-output>
          </reporter-output>
        </test-method> <!-- logOutTest -->
        <test-method is-config="true" signature="cleanup(org.testng.ITestResult)[pri:0, instance:tests.LogOutTest@45018215]" started-at="2023-11-08T23:38:45 EET" name="cleanup" finished-at="2023-11-08T23:38:46 EET" duration-ms="772" status="PASS">
          <params>
            <param index="0">
              <value>
                <![CDATA[[TestResult name=logOutTest status=SUCCESS method=LogOutTest.logOutTest()[pri:0, instance:tests.LogOutTest@45018215] output={null}]]]>
              </value>
            </param>
          </params>
          <reporter-output>
          </reporter-output>
        </test-method> <!-- cleanup -->
      </class> <!-- tests.LogOutTest -->
    </test> <!-- Automation_Project -->
  </suite> <!-- Default Suite -->
</testng-results>
